06-02 20:33:56 data_dir: E:\Crowd-counting\Bayesian-Crowd-Counting\UCF-Train-Val-Test
06-02 20:33:56 save_dir: E:\Crowd-counting\Bayesian-Crowd-Counting\models\m1
06-02 20:33:56 lr: 1e-05
06-02 20:33:56 weight_decay: 0.0001
06-02 20:33:56 resume: 
06-02 20:33:56 max_model_num: 1
06-02 20:33:56 max_epoch: 1000
06-02 20:33:56 val_epoch: 5
06-02 20:33:56 val_start: 600
06-02 20:33:56 batch_size: 1
06-02 20:33:56 device: 0
06-02 20:33:56 num_workers: 8
06-02 20:33:56 is_gray: False
06-02 20:33:56 crop_size: 512
06-02 20:33:56 downsample_ratio: 8
06-02 20:33:56 use_background: True
06-02 20:33:56 sigma: 8.0
06-02 20:33:56 background_ratio: 1.0
06-02 20:33:56 using 1 gpus
06-02 20:33:57 -----Epoch 0/999-----
