06-02 20:16:06 data_dir: E:\Crowd-counting\Bayesian-Crowd-Counting\UCF-Train-Val-Test
06-02 20:16:06 save_dir: E:\Crowd-counting\Bayesian-Crowd-Counting\models\m1
06-02 20:16:06 lr: 1e-05
06-02 20:16:06 weight_decay: 0.0001
06-02 20:16:06 resume: 
06-02 20:16:06 max_model_num: 1
06-02 20:16:06 max_epoch: 1000
06-02 20:16:06 val_epoch: 5
06-02 20:16:06 val_start: 600
06-02 20:16:06 batch_size: 1
06-02 20:16:06 device: 0
06-02 20:16:06 num_workers: 8
06-02 20:16:06 is_gray: False
06-02 20:16:06 crop_size: 512
06-02 20:16:06 downsample_ratio: 8
06-02 20:16:06 use_background: True
06-02 20:16:06 sigma: 8.0
06-02 20:16:06 background_ratio: 1.0
06-02 20:16:06 using 1 gpus
06-02 20:16:40 -----Epoch 0/999-----
